<?xml version="1.0" encoding="UTF-8"?>
<testsuite name="SpringJunit5" tests="1" skipped="0" failures="0" errors="0" timestamp="2021-02-24T03:13:55" hostname="bogon" time="0.012">
  <properties/>
  <testcase name="name2()" classname="SpringJunit5" time="0.012"/>
  <system-out><![CDATA[User(id=0, username=null)
]]></system-out>
  <system-err><![CDATA[二月 24, 2021 11:13:54 上午 org.springframework.test.context.support.AbstractTestContextBootstrapper getDefaultTestExecutionListenerClassNames
信息: Loaded default TestExecutionListener class names from location [META-INF/spring.factories]: [org.springframework.test.context.web.ServletTestExecutionListener, org.springframework.test.context.support.DirtiesContextBeforeModesTestExecutionListener, org.springframework.test.context.support.DependencyInjectionTestExecutionListener, org.springframework.test.context.support.DirtiesContextTestExecutionListener, org.springframework.test.context.transaction.TransactionalTestExecutionListener, org.springframework.test.context.jdbc.SqlScriptsTestExecutionListener, org.springframework.test.context.event.EventPublishingTestExecutionListener]
二月 24, 2021 11:13:54 上午 org.springframework.test.context.support.AbstractTestContextBootstrapper getTestExecutionListeners
信息: Using TestExecutionListeners: [org.springframework.test.context.support.DirtiesContextBeforeModesTestExecutionListener@7e66bfb7, org.springframework.test.context.support.DependencyInjectionTestExecutionListener@68b9c4e7, org.springframework.test.context.support.DirtiesContextTestExecutionListener@2d5890c4, org.springframework.test.context.transaction.TransactionalTestExecutionListener@22aa0b88, org.springframework.test.context.jdbc.SqlScriptsTestExecutionListener@69fa936d, org.springframework.test.context.event.EventPublishingTestExecutionListener@4f42ec49]
]]></system-err>
</testsuite>
