<?xml version="1.0" encoding="UTF-8"?>
<testsuite name="SpringTest" tests="1" skipped="0" failures="0" errors="0" timestamp="2021-03-09T02:15:32" hostname="bogon" time="0.285">
  <properties/>
  <testcase name="testFactoryBean()" classname="SpringTest" time="0.285"/>
  <system-out><![CDATA[com.spring.study.bean.Temp@34afe6c9
com.spring.study.bean.Temp@51083eb0
User(id=0, username=null)
]]></system-out>
  <system-err><![CDATA[SLF4J: Failed to load class "org.slf4j.impl.StaticLoggerBinder".
SLF4J: Defaulting to no-operation (NOP) logger implementation
SLF4J: See http://www.slf4j.org/codes.html#StaticLoggerBinder for further details.
]]></system-err>
</testsuite>
